{"level":50,"time":1745579926057,"pid":16564,"hostname":"DESKTOP-G6N8QN0","msg":"Failed to read file: ENOENT: no such file or directory, open 'D:\\Design Patterns\\test.txt'"}
{"level":50,"time":1745579926066,"pid":16564,"hostname":"DESKTOP-G6N8QN0","msg":"Failed to read file: ENOENT: no such file or directory, open 'D:\\Design Patterns\\test.txt'"}
{"level":50,"time":1745579926068,"pid":16564,"hostname":"DESKTOP-G6N8QN0","msg":"Failed to read file: ENOENT: no such file or directory, open 'D:\\Design Patterns\\test.txt'"}
{"level":30,"time":1745592693745,"pid":27652,"hostname":"DESKTOP-G6N8QN0","msg":"Запуск приложения"}
{"level":30,"time":1745592693750,"pid":27652,"hostname":"DESKTOP-G6N8QN0","msg":"Shape created: Oval-add9f6ca-5504-4cdb-b72a-3a0b005e7278"}
{"level":30,"time":1745592693750,"pid":27652,"hostname":"DESKTOP-G6N8QN0","msg":"Shape created: Cube-85065fe4-33b3-4ad2-85c8-6f50c421f472"}
{"level":40,"time":1745592693750,"pid":27652,"hostname":"DESKTOP-G6N8QN0","msg":"Skipped invalid line: \"invalid line\""}
{"level":50,"time":1745592693750,"pid":27652,"hostname":"DESKTOP-G6N8QN0","msg":"Failed to read file: Point coordinates contain NaN"}
{"level":30,"time":1745592809119,"pid":11340,"hostname":"DESKTOP-G6N8QN0","msg":"Запуск приложения"}
{"level":30,"time":1745592809123,"pid":11340,"hostname":"DESKTOP-G6N8QN0","msg":"Shape created: Oval-669692d5-ef2c-497d-9132-4805af5bfb4c"}
{"level":30,"time":1745592809123,"pid":11340,"hostname":"DESKTOP-G6N8QN0","msg":"Shape created: Cube-d3efa609-cdfa-41ab-a314-d4a8a9a70556"}
{"level":40,"time":1745592809123,"pid":11340,"hostname":"DESKTOP-G6N8QN0","msg":"Skipped invalid line: \"invalid line\""}
{"level":50,"time":1745592809123,"pid":11340,"hostname":"DESKTOP-G6N8QN0","msg":"Failed to read file: Point coordinates contain NaN"}
{"level":30,"time":1745592819756,"pid":33048,"hostname":"DESKTOP-G6N8QN0","msg":"Запуск приложения"}
{"level":30,"time":1745592819761,"pid":33048,"hostname":"DESKTOP-G6N8QN0","msg":"Shape created: Oval-bbb6877d-0136-487f-82e9-9f1a3c8255d8"}
{"level":30,"time":1745592819761,"pid":33048,"hostname":"DESKTOP-G6N8QN0","msg":"Shape created: Cube-57676724-b537-4187-ab48-5dbc15290a42"}
{"level":40,"time":1745592819761,"pid":33048,"hostname":"DESKTOP-G6N8QN0","msg":"Skipped invalid line: \"invalid line\""}
{"level":30,"time":1745592819761,"pid":33048,"hostname":"DESKTOP-G6N8QN0","msg":"Shape created: Cube-8cb0bacf-3409-4ce7-8be1-625b6fc527e2"}
{"level":30,"time":1745592819761,"pid":33048,"hostname":"DESKTOP-G6N8QN0","msg":"Shape created: Cube-d527e6ea-553a-46ee-af81-eefe267fd0e2"}
{"level":30,"time":1745592819761,"pid":33048,"hostname":"DESKTOP-G6N8QN0","msg":"Shape created: Oval-776794e9-880e-4271-9db3-6df0cf141006"}
{"level":30,"time":1745592819761,"pid":33048,"hostname":"DESKTOP-G6N8QN0","msg":"Total valid shapes: 5"}
{"level":30,"time":1745592819766,"pid":33048,"hostname":"DESKTOP-G6N8QN0","msg":"Завершение без ошибок"}
{"level":30,"time":1745593112197,"pid":17292,"hostname":"DESKTOP-G6N8QN0","msg":"Запуск приложения"}
{"level":30,"time":1745593112206,"pid":17292,"hostname":"DESKTOP-G6N8QN0","msg":"Shape created: Oval-32e06ac9-3d28-4bd9-8f6c-56d25707be48"}
{"level":30,"time":1745593112207,"pid":17292,"hostname":"DESKTOP-G6N8QN0","msg":"Shape created: Cube-89028e12-b190-4304-b0d6-19dd43cf59f3"}
{"level":40,"time":1745593112207,"pid":17292,"hostname":"DESKTOP-G6N8QN0","msg":"Skipped invalid line: \"invalid line\""}
{"level":30,"time":1745593112207,"pid":17292,"hostname":"DESKTOP-G6N8QN0","msg":"Shape created: Cube-a8322b35-0438-4cf9-bff3-ba4d30e5b8f0"}
{"level":30,"time":1745593112207,"pid":17292,"hostname":"DESKTOP-G6N8QN0","msg":"Shape created: Cube-1f32221c-886c-41e2-9391-5a2e10b79d66"}
{"level":30,"time":1745593112207,"pid":17292,"hostname":"DESKTOP-G6N8QN0","msg":"Shape created: Oval-7b76a585-44ba-4a73-9bc9-6db6ddc90d28"}
{"level":30,"time":1745593112207,"pid":17292,"hostname":"DESKTOP-G6N8QN0","msg":"Total valid shapes: 5"}
{"level":30,"time":1745593112215,"pid":17292,"hostname":"DESKTOP-G6N8QN0","msg":"Завершение без ошибок"}
{"level":30,"time":1745593128020,"pid":27420,"hostname":"DESKTOP-G6N8QN0","msg":"Запуск приложения"}
{"level":30,"time":1745593128025,"pid":27420,"hostname":"DESKTOP-G6N8QN0","msg":"Shape created: Oval-5bbd3c31-4f90-48d4-8102-9816d18c6207"}
{"level":30,"time":1745593128025,"pid":27420,"hostname":"DESKTOP-G6N8QN0","msg":"Shape created: Cube-de486803-fd0e-4470-aa97-c88f18b03c0a"}
{"level":40,"time":1745593128025,"pid":27420,"hostname":"DESKTOP-G6N8QN0","msg":"Skipped invalid line: \"invalid line\""}
{"level":30,"time":1745593128025,"pid":27420,"hostname":"DESKTOP-G6N8QN0","msg":"Shape created: Cube-7d62b1dc-d83a-4678-a93d-3a62056a662c"}
{"level":30,"time":1745593128025,"pid":27420,"hostname":"DESKTOP-G6N8QN0","msg":"Shape created: Cube-5fd336e7-03b8-44fa-a861-693cb44b68c7"}
{"level":30,"time":1745593128025,"pid":27420,"hostname":"DESKTOP-G6N8QN0","msg":"Shape created: Oval-d8894b11-1a7d-4bd1-874d-646f2ccff0fa"}
{"level":30,"time":1745593128025,"pid":27420,"hostname":"DESKTOP-G6N8QN0","msg":"Total valid shapes: 5"}
{"level":30,"time":1745593128029,"pid":27420,"hostname":"DESKTOP-G6N8QN0","msg":"Завершение без ошибок"}
{"level":30,"time":1745593148270,"pid":1556,"hostname":"DESKTOP-G6N8QN0","msg":"Запуск приложения"}
{"level":30,"time":1745593148274,"pid":1556,"hostname":"DESKTOP-G6N8QN0","msg":"Shape created: Oval-e1f15d3e-8905-451f-a56a-710b135510e0"}
{"level":30,"time":1745593148275,"pid":1556,"hostname":"DESKTOP-G6N8QN0","msg":"Shape created: Cube-a304f109-a823-444f-b3bc-1a34ec23745b"}
{"level":40,"time":1745593148275,"pid":1556,"hostname":"DESKTOP-G6N8QN0","msg":"Skipped invalid line: \"invalid line\""}
{"level":30,"time":1745593148275,"pid":1556,"hostname":"DESKTOP-G6N8QN0","msg":"Shape created: Cube-77c9eb0e-bd73-48c9-8c16-5107825744dc"}
{"level":30,"time":1745593148275,"pid":1556,"hostname":"DESKTOP-G6N8QN0","msg":"Shape created: Cube-b63b4e16-6ed1-40c4-a847-30a8b5ec5415"}
{"level":30,"time":1745593148275,"pid":1556,"hostname":"DESKTOP-G6N8QN0","msg":"Shape created: Oval-eb835c5f-6bb5-48b6-9444-afe4f4f0ef89"}
{"level":30,"time":1745593148275,"pid":1556,"hostname":"DESKTOP-G6N8QN0","msg":"Total valid shapes: 5"}
{"level":30,"time":1745593148278,"pid":1556,"hostname":"DESKTOP-G6N8QN0","msg":"Завершение без ошибок"}
{"level":30,"time":1745601326186,"pid":18424,"hostname":"DESKTOP-G6N8QN0","msg":"Запуск приложения"}
{"level":30,"time":1745601326197,"pid":18424,"hostname":"DESKTOP-G6N8QN0","msg":"Shape created: Oval-d10ecb1f-5070-4e9e-b880-2a9464dea527"}
{"level":30,"time":1745601326198,"pid":18424,"hostname":"DESKTOP-G6N8QN0","msg":"Shape created: Cube-1f705fa7-d7ff-4a40-b091-fb7cf8ec17b4"}
{"level":40,"time":1745601326198,"pid":18424,"hostname":"DESKTOP-G6N8QN0","msg":"Skipped invalid line: \"invalid line\""}
{"level":30,"time":1745601326198,"pid":18424,"hostname":"DESKTOP-G6N8QN0","msg":"Shape created: Cube-49e5b2f0-c549-494e-9a83-413e77c2bd31"}
{"level":30,"time":1745601326198,"pid":18424,"hostname":"DESKTOP-G6N8QN0","msg":"Shape created: Cube-9fb2bd29-5a44-4ac4-9bb0-a0e2ae86c249"}
{"level":30,"time":1745601326198,"pid":18424,"hostname":"DESKTOP-G6N8QN0","msg":"Shape created: Oval-0b3e92c1-9f12-430f-98bb-11cb791eda7d"}
{"level":30,"time":1745601326198,"pid":18424,"hostname":"DESKTOP-G6N8QN0","msg":"Total valid shapes: 5"}
{"level":30,"time":1745601326200,"pid":18424,"hostname":"DESKTOP-G6N8QN0","msg":"Завершение без ошибок"}
